<?xml version="1.0" encoding="UTF-8"?>
<!-- Generated by org.testng.reporters.JUnitXMLReporter -->
<testsuite ignored="2" hostname="LAPTOP-H7JSJR6U" failures="0" tests="2" name="Test" time="284.639" errors="0" timestamp="2021-12-27T14:43:36 IST">
  <testcase classname="com.crm.ContactTest.CreateContactWithOraganisationTest" name="CreateContactWithOraganisationTest" time="129.271"/>
  <testcase classname="com.crm.OrgTest.CreateOrgWithIndustryandTypeTest" name="CreateOrgWithIndustryandTypeTest" time="70.448"/>
  <testcase classname="com.crm.ContactTest.CreateContactTest" name="CreateContactTest" time="0.0">
    <ignored/>
  </testcase> <!-- CreateContactTest -->
  <testcase classname="com.crm.OrgTest.CreateOrgTest" name="CreateOrgTest" time="0.0">
    <ignored/>
  </testcase> <!-- CreateOrgTest -->
</testsuite> <!-- Test -->
